# JRE version: OpenJDK Runtime Environment (8.0_212) (build 1.8.0_212-release-1586-b4-5784211)
# Java VM: OpenJDK 64-Bit Server VM (25.212-b4-5784211 mixed mode linux-amd64 compressed oops)
Heap:
 PSYoungGen      total 452096K, used 427727K [0x00000000e0000000, 0x0000000100000000, 0x0000000100000000)
  eden space 381952K, 100% used [0x00000000e0000000,0x00000000f7500000,0x00000000f7500000)
  from space 70144K, 65% used [0x00000000fbb80000,0x00000000fe833c10,0x0000000100000000)
  to   space 71168K, 99% used [0x00000000f7500000,0x00000000fba7f518,0x00000000fba80000)
 ParOldGen       total 467456K, used 118225K [0x00000000a0000000, 0x00000000bc880000, 0x00000000e0000000)
  object space 467456K, 25% used [0x00000000a0000000,0x00000000a7374658,0x00000000bc880000)
 Metaspace       used 141767K, capacity 150120K, committed 150296K, reserved 1179648K
  class space    used 18622K, capacity 20205K, committed 20272K, reserved 1048576K
GC Heap History (10 events):
Event: 178,892 GC heap after
Heap after GC invocations=22 (full 4):
 PSYoungGen      total 392192K, used 25018K [0x00000000e0000000, 0x00000000fbe00000, 0x0000000100000000)
  eden space 332800K, 0% used [0x00000000e0000000,0x00000000e0000000,0x00000000f4500000)
  from space 59392K, 42% used [0x00000000f8400000,0x00000000f9c6e8d8,0x00000000fbe00000)
  to   space 61952K, 0% used [0x00000000f4500000,0x00000000f4500000,0x00000000f8180000)
 ParOldGen       total 467456K, used 100194K [0x00000000a0000000, 0x00000000bc880000, 0x00000000e0000000)
  object space 467456K, 21% used [0x00000000a0000000,0x00000000a61d8968,0x00000000bc880000)
 Metaspace       used 94084K, capacity 99190K, committed 99736K, reserved 1134592K
  class space    used 12632K, capacity 13624K, committed 13744K, reserved 1048576K
}
Event: 181,794 GC heap before
{Heap before GC invocations=23 (full 4):
 PSYoungGen      total 392192K, used 357818K [0x00000000e0000000, 0x00000000fbe00000, 0x0000000100000000)
  eden space 332800K, 100% used [0x00000000e0000000,0x00000000f4500000,0x00000000f4500000)
  from space 59392K, 42% used [0x00000000f8400000,0x00000000f9c6e8d8,0x00000000fbe00000)
  to   space 61952K, 0% used [0x00000000f4500000,0x00000000f4500000,0x00000000f8180000)
 ParOldGen       total 467456K, used 100194K [0x00000000a0000000, 0x00000000bc880000, 0x00000000e0000000)
  object space 467456K, 21% used [0x00000000a0000000,0x00000000a61d8968,0x00000000bc880000)
 Metaspace       used 102895K, capacity 108532K, committed 108696K, reserved 1142784K
  class space    used 13587K, capacity 14707K, committed 14768K, reserved 1048576K
Event: 181,836 GC heap after
Heap after GC invocations=23 (full 4):
 PSYoungGen      total 394752K, used 46337K [0x00000000e0000000, 0x00000000fe680000, 0x0000000100000000)
  eden space 332800K, 0% used [0x00000000e0000000,0x00000000e0000000,0x00000000f4500000)
  from space 61952K, 74% used [0x00000000f4500000,0x00000000f72407b0,0x00000000f8180000)
  to   space 65024K, 0% used [0x00000000fa700000,0x00000000fa700000,0x00000000fe680000)
 ParOldGen       total 467456K, used 100202K [0x00000000a0000000, 0x00000000bc880000, 0x00000000e0000000)
  object space 467456K, 21% used [0x00000000a0000000,0x00000000a61da968,0x00000000bc880000)
 Metaspace       used 102895K, capacity 108532K, committed 108696K, reserved 1142784K
  class space    used 13587K, capacity 14707K, committed 14768K, reserved 1048576K
}
Event: 186,312 GC heap before
{Heap before GC invocations=24 (full 4):
 PSYoungGen      total 394752K, used 379137K [0x00000000e0000000, 0x00000000fe680000, 0x0000000100000000)
  eden space 332800K, 100% used [0x00000000e0000000,0x00000000f4500000,0x00000000f4500000)
  from space 61952K, 74% used [0x00000000f4500000,0x00000000f72407b0,0x00000000f8180000)
  to   space 65024K, 0% used [0x00000000fa700000,0x00000000fa700000,0x00000000fe680000)
 ParOldGen       total 467456K, used 100202K [0x00000000a0000000, 0x00000000bc880000, 0x00000000e0000000)
  object space 467456K, 21% used [0x00000000a0000000,0x00000000a61da968,0x00000000bc880000)
 Metaspace       used 120502K, capacity 127270K, committed 127384K, reserved 1159168K
  class space    used 15887K, capacity 17216K, committed 17328K, reserved 1048576K
Event: 186,394 GC heap after
Heap after GC invocations=24 (full 4):
 PSYoungGen      total 429056K, used 50255K [0x00000000e0000000, 0x00000000fef80000, 0x0000000100000000)
  eden space 364032K, 0% used [0x00000000e0000000,0x00000000e0000000,0x00000000f6380000)
  from space 65024K, 77% used [0x00000000fa700000,0x00000000fd813c78,0x00000000fe680000)
  to   space 69120K, 0% used [0x00000000f6380000,0x00000000f6380000,0x00000000fa700000)
 ParOldGen       total 467456K, used 100218K [0x00000000a0000000, 0x00000000bc880000, 0x00000000e0000000)
  object space 467456K, 21% used [0x00000000a0000000,0x00000000a61de968,0x00000000bc880000)
 Metaspace       used 120502K, capacity 127270K, committed 127384K, reserved 1159168K
  class space    used 15887K, capacity 17216K, committed 17328K, reserved 1048576K
}
Event: 249,946 GC heap before
{Heap before GC invocations=25 (full 4):
 PSYoungGen      total 429056K, used 414287K [0x00000000e0000000, 0x00000000fef80000, 0x0000000100000000)
  eden space 364032K, 100% used [0x00000000e0000000,0x00000000f6380000,0x00000000f6380000)
  from space 65024K, 77% used [0x00000000fa700000,0x00000000fd813c78,0x00000000fe680000)
  to   space 69120K, 0% used [0x00000000f6380000,0x00000000f6380000,0x00000000fa700000)
 ParOldGen       total 467456K, used 100218K [0x00000000a0000000, 0x00000000bc880000, 0x00000000e0000000)
  object space 467456K, 21% used [0x00000000a0000000,0x00000000a61de968,0x00000000bc880000)
 Metaspace       used 122875K, capacity 129914K, committed 130200K, reserved 1161216K
  class space    used 16128K, capacity 17476K, committed 17584K, reserved 1048576K
Event: 249,989 GC heap after
Heap after GC invocations=25 (full 4):
 PSYoungGen      total 433152K, used 44637K [0x00000000e0000000, 0x0000000100000000, 0x0000000100000000)
  eden space 364032K, 0% used [0x00000000e0000000,0x00000000e0000000,0x00000000f6380000)
  from space 69120K, 64% used [0x00000000f6380000,0x00000000f8f17728,0x00000000fa700000)
  to   space 70144K, 0% used [0x00000000fbb80000,0x00000000fbb80000,0x0000000100000000)
 ParOldGen       total 467456K, used 100226K [0x00000000a0000000, 0x00000000bc880000, 0x00000000e0000000)
  object space 467456K, 21% used [0x00000000a0000000,0x00000000a61e0968,0x00000000bc880000)
 Metaspace       used 122875K, capacity 129914K, committed 130200K, reserved 1161216K
  class space    used 16128K, capacity 17476K, committed 17584K, reserved 1048576K
}
Event: 251,747 GC heap before
{Heap before GC invocations=26 (full 4):
 PSYoungGen      total 433152K, used 408667K [0x00000000e0000000, 0x0000000100000000, 0x0000000100000000)
  eden space 364032K, 99% used [0x00000000e0000000,0x00000000f637f5b8,0x00000000f6380000)
  from space 69120K, 64% used [0x00000000f6380000,0x00000000f8f17728,0x00000000fa700000)
  to   space 70144K, 0% used [0x00000000fbb80000,0x00000000fbb80000,0x0000000100000000)
 ParOldGen       total 467456K, used 100226K [0x00000000a0000000, 0x00000000bc880000, 0x00000000e0000000)
  object space 467456K, 21% used [0x00000000a0000000,0x00000000a61e0968,0x00000000bc880000)
 Metaspace       used 123355K, capacity 130582K, committed 130712K, reserved 1163264K
  class space    used 16180K, capacity 17566K, committed 17584K, reserved 1048576K
Event: 251,795 GC heap after
Heap after GC invocations=26 (full 4):
 PSYoungGen      total 452096K, used 45775K [0x00000000e0000000, 0x0000000100000000, 0x0000000100000000)
  eden space 381952K, 0% used [0x00000000e0000000,0x00000000e0000000,0x00000000f7500000)
  from space 70144K, 65% used [0x00000000fbb80000,0x00000000fe833c10,0x0000000100000000)
  to   space 71168K, 0% used [0x00000000f7500000,0x00000000f7500000,0x00000000fba80000)
 ParOldGen       total 467456K, used 100234K [0x00000000a0000000, 0x00000000bc880000, 0x00000000e0000000)
  object space 467456K, 21% used [0x00000000a0000000,0x00000000a61e2968,0x00000000bc880000)
 Metaspace       used 123355K, capacity 130582K, committed 130712K, reserved 1163264K
  class space    used 16180K, capacity 17566K, committed 17584K, reserved 1048576K
}
Event: 253,846 GC heap before
{Heap before GC invocations=27 (full 4):
 PSYoungGen      total 452096K, used 427727K [0x00000000e0000000, 0x0000000100000000, 0x0000000100000000)
  eden space 381952K, 100% used [0x00000000e0000000,0x00000000f7500000,0x00000000f7500000)
  from space 70144K, 65% used [0x00000000fbb80000,0x00000000fe833c10,0x0000000100000000)
  to   space 71168K, 0% used [0x00000000f7500000,0x00000000f7500000,0x00000000fba80000)
 ParOldGen       total 467456K, used 100234K [0x00000000a0000000, 0x00000000bc880000, 0x00000000e0000000)
  object space 467456K, 21% used [0x00000000a0000000,0x00000000a61e2968,0x00000000bc880000)
 Metaspace       used 141767K, capacity 150120K, committed 150296K, reserved 1179648K
  class space    used 18622K, capacity 20205K, committed 20272K, reserved 1048576K

