# JRE version: OpenJDK Runtime Environment (8.0_212) (build 1.8.0_212-release-1586-b4-5784211)
# Java VM: OpenJDK 64-Bit Server VM (25.212-b4-5784211 mixed mode linux-amd64 compressed oops)
Heap:
 PSYoungGen      total 138240K, used 10212K [0x00000000e0000000, 0x00000000f0e00000, 0x0000000100000000)
  eden space 128000K, 0% used [0x00000000e0000000,0x00000000e0000000,0x00000000e7d00000)
  from space 10240K, 99% used [0x00000000e7d00000,0x00000000e86f91c8,0x00000000e8700000)
  to   space 10240K, 0% used [0x00000000f0400000,0x00000000f0400000,0x00000000f0e00000)
 ParOldGen       total 169472K, used 1413K [0x00000000a0000000, 0x00000000aa580000, 0x00000000e0000000)
  object space 169472K, 0% used [0x00000000a0000000,0x00000000a01617d0,0x00000000aa580000)
 Metaspace       used 20588K, capacity 21254K, committed 21296K, reserved 1067008K
  class space    used 2894K, capacity 3107K, committed 3120K, reserved 1048576K
GC Heap History (7 events):
Event: 0,519 GC heap before
{Heap before GC invocations=1 (full 0):
 PSYoungGen      total 74240K, used 64000K [0x00000000e0000000, 0x00000000e5280000, 0x0000000100000000)
  eden space 64000K, 100% used [0x00000000e0000000,0x00000000e3e80000,0x00000000e3e80000)
  from space 10240K, 0% used [0x00000000e4880000,0x00000000e4880000,0x00000000e5280000)
  to   space 10240K, 0% used [0x00000000e3e80000,0x00000000e3e80000,0x00000000e4880000)
 ParOldGen       total 169472K, used 0K [0x00000000a0000000, 0x00000000aa580000, 0x00000000e0000000)
  object space 169472K, 0% used [0x00000000a0000000,0x00000000a0000000,0x00000000aa580000)
 Metaspace       used 7906K, capacity 8128K, committed 8320K, reserved 1056768K
  class space    used 1026K, capacity 1111K, committed 1152K, reserved 1048576K
Event: 0,526 GC heap after
Heap after GC invocations=1 (full 0):
 PSYoungGen      total 74240K, used 6409K [0x00000000e0000000, 0x00000000e9100000, 0x0000000100000000)
  eden space 64000K, 0% used [0x00000000e0000000,0x00000000e0000000,0x00000000e3e80000)
  from space 10240K, 62% used [0x00000000e3e80000,0x00000000e44c24b0,0x00000000e4880000)
  to   space 10240K, 0% used [0x00000000e8700000,0x00000000e8700000,0x00000000e9100000)
 ParOldGen       total 169472K, used 16K [0x00000000a0000000, 0x00000000aa580000, 0x00000000e0000000)
  object space 169472K, 0% used [0x00000000a0000000,0x00000000a0004000,0x00000000aa580000)
 Metaspace       used 7906K, capacity 8128K, committed 8320K, reserved 1056768K
  class space    used 1026K, capacity 1111K, committed 1152K, reserved 1048576K
}
Event: 0,941 GC heap before
{Heap before GC invocations=2 (full 0):
 PSYoungGen      total 74240K, used 70409K [0x00000000e0000000, 0x00000000e9100000, 0x0000000100000000)
  eden space 64000K, 100% used [0x00000000e0000000,0x00000000e3e80000,0x00000000e3e80000)
  from space 10240K, 62% used [0x00000000e3e80000,0x00000000e44c24b0,0x00000000e4880000)
  to   space 10240K, 0% used [0x00000000e8700000,0x00000000e8700000,0x00000000e9100000)
 ParOldGen       total 169472K, used 16K [0x00000000a0000000, 0x00000000aa580000, 0x00000000e0000000)
  object space 169472K, 0% used [0x00000000a0000000,0x00000000a0004000,0x00000000aa580000)
 Metaspace       used 15440K, capacity 15932K, committed 16128K, reserved 1062912K
  class space    used 2083K, capacity 2230K, committed 2304K, reserved 1048576K
Event: 0,955 GC heap after
Heap after GC invocations=2 (full 0):
 PSYoungGen      total 138240K, used 9664K [0x00000000e0000000, 0x00000000e9100000, 0x0000000100000000)
  eden space 128000K, 0% used [0x00000000e0000000,0x00000000e0000000,0x00000000e7d00000)
  from space 10240K, 94% used [0x00000000e8700000,0x00000000e9070308,0x00000000e9100000)
  to   space 10240K, 0% used [0x00000000e7d00000,0x00000000e7d00000,0x00000000e8700000)
 ParOldGen       total 169472K, used 24K [0x00000000a0000000, 0x00000000aa580000, 0x00000000e0000000)
  object space 169472K, 0% used [0x00000000a0000000,0x00000000a0006000,0x00000000aa580000)
 Metaspace       used 15440K, capacity 15932K, committed 16128K, reserved 1062912K
  class space    used 2083K, capacity 2230K, committed 2304K, reserved 1048576K
}
Event: 1,446 GC heap before
{Heap before GC invocations=3 (full 0):
 PSYoungGen      total 138240K, used 74104K [0x00000000e0000000, 0x00000000e9100000, 0x0000000100000000)
  eden space 128000K, 50% used [0x00000000e0000000,0x00000000e3eedd38,0x00000000e7d00000)
  from space 10240K, 94% used [0x00000000e8700000,0x00000000e9070308,0x00000000e9100000)
  to   space 10240K, 0% used [0x00000000e7d00000,0x00000000e7d00000,0x00000000e8700000)
 ParOldGen       total 169472K, used 24K [0x00000000a0000000, 0x00000000aa580000, 0x00000000e0000000)
  object space 169472K, 0% used [0x00000000a0000000,0x00000000a0006000,0x00000000aa580000)
 Metaspace       used 20588K, capacity 21254K, committed 21296K, reserved 1067008K
  class space    used 2894K, capacity 3107K, committed 3120K, reserved 1048576K
Event: 1,458 GC heap after
Heap after GC invocations=3 (full 0):
 PSYoungGen      total 138240K, used 10212K [0x00000000e0000000, 0x00000000f0e00000, 0x0000000100000000)
  eden space 128000K, 0% used [0x00000000e0000000,0x00000000e0000000,0x00000000e7d00000)
  from space 10240K, 99% used [0x00000000e7d00000,0x00000000e86f91c8,0x00000000e8700000)
  to   space 10240K, 0% used [0x00000000f0400000,0x00000000f0400000,0x00000000f0e00000)
 ParOldGen       total 169472K, used 1413K [0x00000000a0000000, 0x00000000aa580000, 0x00000000e0000000)
  object space 169472K, 0% used [0x00000000a0000000,0x00000000a01617d0,0x00000000aa580000)
 Metaspace       used 20588K, capacity 21254K, committed 21296K, reserved 1067008K
  class space    used 2894K, capacity 3107K, committed 3120K, reserved 1048576K
}
Event: 1,458 GC heap before
{Heap before GC invocations=4 (full 1):
 PSYoungGen      total 138240K, used 10212K [0x00000000e0000000, 0x00000000f0e00000, 0x0000000100000000)
  eden space 128000K, 0% used [0x00000000e0000000,0x00000000e0000000,0x00000000e7d00000)
  from space 10240K, 99% used [0x00000000e7d00000,0x00000000e86f91c8,0x00000000e8700000)
  to   space 10240K, 0% used [0x00000000f0400000,0x00000000f0400000,0x00000000f0e00000)
 ParOldGen       total 169472K, used 1413K [0x00000000a0000000, 0x00000000aa580000, 0x00000000e0000000)
  object space 169472K, 0% used [0x00000000a0000000,0x00000000a01617d0,0x00000000aa580000)
 Metaspace       used 20588K, capacity 21254K, committed 21296K, reserved 1067008K
  class space    used 2894K, capacity 3107K, committed 3120K, reserved 1048576K

