# JRE version: OpenJDK Runtime Environment (8.0_212) (build 1.8.0_212-release-1586-b4-5784211)
# Java VM: OpenJDK 64-Bit Server VM (25.212-b4-5784211 mixed mode linux-amd64 compressed oops)
Heap:
 PSYoungGen      total 333824K, used 20926K [0x00000000e0000000, 0x00000000ff300000, 0x0000000100000000)
  eden space 305152K, 0% used [0x00000000e0000000,0x00000000e0000000,0x00000000f2a00000)
  from space 28672K, 72% used [0x00000000f2a00000,0x00000000f3e6fa98,0x00000000f4600000)
  to   space 29696K, 0% used [0x00000000fd600000,0x00000000fd600000,0x00000000ff300000)
 ParOldGen       total 170496K, used 35372K [0x00000000a0000000, 0x00000000aa680000, 0x00000000e0000000)
  object space 170496K, 20% used [0x00000000a0000000,0x00000000a228b210,0x00000000aa680000)
 Metaspace       used 56934K, capacity 59058K, committed 59160K, reserved 1099776K
  class space    used 7777K, capacity 8298K, committed 8320K, reserved 1048576K
GC Heap History (10 events):
Event: 6,805 GC heap after
Heap after GC invocations=5 (full 1):
 PSYoungGen      total 209408K, used 10213K [0x00000000e0000000, 0x00000000f0e00000, 0x0000000100000000)
  eden space 199168K, 0% used [0x00000000e0000000,0x00000000e0000000,0x00000000ec280000)
  from space 10240K, 99% used [0x00000000f0400000,0x00000000f0df96e0,0x00000000f0e00000)
  to   space 10240K, 0% used [0x00000000efa00000,0x00000000efa00000,0x00000000f0400000)
 ParOldGen       total 110080K, used 16365K [0x00000000a0000000, 0x00000000a6b80000, 0x00000000e0000000)
  object space 110080K, 14% used [0x00000000a0000000,0x00000000a0ffb488,0x00000000a6b80000)
 Metaspace       used 31750K, capacity 32514K, committed 32768K, reserved 1077248K
  class space    used 4299K, capacity 4522K, committed 4608K, reserved 1048576K
}
Event: 8,218 GC heap before
{Heap before GC invocations=6 (full 1):
 PSYoungGen      total 209408K, used 85024K [0x00000000e0000000, 0x00000000f0e00000, 0x0000000100000000)
  eden space 199168K, 37% used [0x00000000e0000000,0x00000000e490eb88,0x00000000ec280000)
  from space 10240K, 99% used [0x00000000f0400000,0x00000000f0df96e0,0x00000000f0e00000)
  to   space 10240K, 0% used [0x00000000efa00000,0x00000000efa00000,0x00000000f0400000)
 ParOldGen       total 110080K, used 16365K [0x00000000a0000000, 0x00000000a6b80000, 0x00000000e0000000)
  object space 110080K, 14% used [0x00000000a0000000,0x00000000a0ffb488,0x00000000a6b80000)
 Metaspace       used 34500K, capacity 35364K, committed 35496K, reserved 1079296K
  class space    used 4772K, capacity 5013K, committed 5120K, reserved 1048576K
Event: 8,277 GC heap after
Heap after GC invocations=6 (full 1):
 PSYoungGen      total 266240K, used 10224K [0x00000000e0000000, 0x00000000f5700000, 0x0000000100000000)
  eden space 256000K, 0% used [0x00000000e0000000,0x00000000e0000000,0x00000000efa00000)
  from space 10240K, 99% used [0x00000000efa00000,0x00000000f03fc020,0x00000000f0400000)
  to   space 17408K, 0% used [0x00000000f4600000,0x00000000f4600000,0x00000000f5700000)
 ParOldGen       total 110080K, used 19466K [0x00000000a0000000, 0x00000000a6b80000, 0x00000000e0000000)
  object space 110080K, 17% used [0x00000000a0000000,0x00000000a1302858,0x00000000a6b80000)
 Metaspace       used 34500K, capacity 35364K, committed 35496K, reserved 1079296K
  class space    used 4772K, capacity 5013K, committed 5120K, reserved 1048576K
}
Event: 8,277 GC heap before
{Heap before GC invocations=7 (full 2):
 PSYoungGen      total 266240K, used 10224K [0x00000000e0000000, 0x00000000f5700000, 0x0000000100000000)
  eden space 256000K, 0% used [0x00000000e0000000,0x00000000e0000000,0x00000000efa00000)
  from space 10240K, 99% used [0x00000000efa00000,0x00000000f03fc020,0x00000000f0400000)
  to   space 17408K, 0% used [0x00000000f4600000,0x00000000f4600000,0x00000000f5700000)
 ParOldGen       total 110080K, used 19466K [0x00000000a0000000, 0x00000000a6b80000, 0x00000000e0000000)
  object space 110080K, 17% used [0x00000000a0000000,0x00000000a1302858,0x00000000a6b80000)
 Metaspace       used 34500K, capacity 35364K, committed 35496K, reserved 1079296K
  class space    used 4772K, capacity 5013K, committed 5120K, reserved 1048576K
Event: 8,478 GC heap after
Heap after GC invocations=7 (full 2):
 PSYoungGen      total 266240K, used 0K [0x00000000e0000000, 0x00000000f5700000, 0x0000000100000000)
  eden space 256000K, 0% used [0x00000000e0000000,0x00000000e0000000,0x00000000efa00000)
  from space 10240K, 0% used [0x00000000efa00000,0x00000000efa00000,0x00000000f0400000)
  to   space 17408K, 0% used [0x00000000f4600000,0x00000000f4600000,0x00000000f5700000)
 ParOldGen       total 170496K, used 20112K [0x00000000a0000000, 0x00000000aa680000, 0x00000000e0000000)
  object space 170496K, 11% used [0x00000000a0000000,0x00000000a13a42b0,0x00000000aa680000)
 Metaspace       used 34500K, capacity 35364K, committed 35496K, reserved 1079296K
  class space    used 4772K, capacity 5013K, committed 5120K, reserved 1048576K
}
Event: 13,786 GC heap before
{Heap before GC invocations=8 (full 2):
 PSYoungGen      total 266240K, used 256000K [0x00000000e0000000, 0x00000000f5700000, 0x0000000100000000)
  eden space 256000K, 100% used [0x00000000e0000000,0x00000000efa00000,0x00000000efa00000)
  from space 10240K, 0% used [0x00000000efa00000,0x00000000efa00000,0x00000000f0400000)
  to   space 17408K, 0% used [0x00000000f4600000,0x00000000f4600000,0x00000000f5700000)
 ParOldGen       total 170496K, used 20112K [0x00000000a0000000, 0x00000000aa680000, 0x00000000e0000000)
  object space 170496K, 11% used [0x00000000a0000000,0x00000000a13a42b0,0x00000000aa680000)
 Metaspace       used 54279K, capacity 56330K, committed 56576K, reserved 1097728K
  class space    used 7394K, capacity 7902K, committed 7936K, reserved 1048576K
Event: 13,881 GC heap after
Heap after GC invocations=8 (full 2):
 PSYoungGen      total 322560K, used 17386K [0x00000000e0000000, 0x00000000f9c00000, 0x0000000100000000)
  eden space 305152K, 0% used [0x00000000e0000000,0x00000000e0000000,0x00000000f2a00000)
  from space 17408K, 99% used [0x00000000f4600000,0x00000000f56fab50,0x00000000f5700000)
  to   space 28672K, 0% used [0x00000000f2a00000,0x00000000f2a00000,0x00000000f4600000)
 ParOldGen       total 170496K, used 35300K [0x00000000a0000000, 0x00000000aa680000, 0x00000000e0000000)
  object space 170496K, 20% used [0x00000000a0000000,0x00000000a2279200,0x00000000aa680000)
 Metaspace       used 54279K, capacity 56330K, committed 56576K, reserved 1097728K
  class space    used 7394K, capacity 7902K, committed 7936K, reserved 1048576K
}
Event: 15,002 GC heap before
{Heap before GC invocations=9 (full 2):
 PSYoungGen      total 322560K, used 59723K [0x00000000e0000000, 0x00000000f9c00000, 0x0000000100000000)
  eden space 305152K, 13% used [0x00000000e0000000,0x00000000e29582a8,0x00000000f2a00000)
  from space 17408K, 99% used [0x00000000f4600000,0x00000000f56fab50,0x00000000f5700000)
  to   space 28672K, 0% used [0x00000000f2a00000,0x00000000f2a00000,0x00000000f4600000)
 ParOldGen       total 170496K, used 35300K [0x00000000a0000000, 0x00000000aa680000, 0x00000000e0000000)
  object space 170496K, 20% used [0x00000000a0000000,0x00000000a2279200,0x00000000aa680000)
 Metaspace       used 56934K, capacity 59058K, committed 59160K, reserved 1099776K
  class space    used 7777K, capacity 8298K, committed 8320K, reserved 1048576K
Event: 15,065 GC heap after
Heap after GC invocations=9 (full 2):
 PSYoungGen      total 333824K, used 20926K [0x00000000e0000000, 0x00000000ff300000, 0x0000000100000000)
  eden space 305152K, 0% used [0x00000000e0000000,0x00000000e0000000,0x00000000f2a00000)
  from space 28672K, 72% used [0x00000000f2a00000,0x00000000f3e6fa98,0x00000000f4600000)
  to   space 29696K, 0% used [0x00000000fd600000,0x00000000fd600000,0x00000000ff300000)
 ParOldGen       total 170496K, used 35372K [0x00000000a0000000, 0x00000000aa680000, 0x00000000e0000000)
  object space 170496K, 20% used [0x00000000a0000000,0x00000000a228b210,0x00000000aa680000)
 Metaspace       used 56934K, capacity 59058K, committed 59160K, reserved 1099776K
  class space    used 7777K, capacity 8298K, committed 8320K, reserved 1048576K
}
Event: 15,065 GC heap before
{Heap before GC invocations=10 (full 3):
 PSYoungGen      total 333824K, used 20926K [0x00000000e0000000, 0x00000000ff300000, 0x0000000100000000)
  eden space 305152K, 0% used [0x00000000e0000000,0x00000000e0000000,0x00000000f2a00000)
  from space 28672K, 72% used [0x00000000f2a00000,0x00000000f3e6fa98,0x00000000f4600000)
  to   space 29696K, 0% used [0x00000000fd600000,0x00000000fd600000,0x00000000ff300000)
 ParOldGen       total 170496K, used 35372K [0x00000000a0000000, 0x00000000aa680000, 0x00000000e0000000)
  object space 170496K, 20% used [0x00000000a0000000,0x00000000a228b210,0x00000000aa680000)
 Metaspace       used 56934K, capacity 59058K, committed 59160K, reserved 1099776K
  class space    used 7777K, capacity 8298K, committed 8320K, reserved 1048576K

